<?xml version="1.0" encoding="UTF-8"?>
<!-- Generated by org.testng.reporters.JUnitReportReporter -->
<testsuite hostname="LAPTOP-NVA191LJ" failures="0" tests="4" name="SeleniumAutomation.tests.LoginTest" time="62.504" errors="0" timestamp="20 Mar 2024 17:15:37 GMT" skipped="0">
  <testcase classname="SeleniumAutomation.tests.LoginTest" name="defaultUncheckRememberMe" time="3.805"/>
  <testcase classname="SeleniumAutomation.tests.LoginTest" name="loginTestWithEmailOnly" time="5.044"/>
  <testcase classname="SeleniumAutomation.tests.LoginTest" name="loginTest" time="49.670"/>
  <testcase classname="SeleniumAutomation.tests.LoginTest" name="loginTestWithPasswordOnly" time="3.985"/>
</testsuite> <!-- SeleniumAutomation.tests.LoginTest -->
