<?xml version="1.0" encoding="UTF-8"?>
<!-- Generated by org.testng.reporters.JUnitReportReporter -->
<testsuite hostname="LAPTOP-NVA191LJ" failures="0" tests="3" name="SeleniumAutomation.tests.MouseActionsTest" time="13.330" errors="0" timestamp="03 Mar 2024 11:04:35 GMT" skipped="2">
  <testcase classname="SeleniumAutomation.tests.MouseActionsTest" name="dragObject" time="13.330"/>
  <testcase classname="SeleniumAutomation.tests.MouseActionsTest" name="doubleClick">
    <skipped/>
  </testcase> <!-- doubleClick -->
  <testcase classname="SeleniumAutomation.tests.MouseActionsTest" name="clickUsingActions">
    <skipped/>
  </testcase> <!-- clickUsingActions -->
</testsuite> <!-- SeleniumAutomation.tests.MouseActionsTest -->
