<?xml version="1.0" encoding="UTF-8"?>
<!-- Generated by org.testng.reporters.JUnitReportReporter -->
<testsuite hostname="LAPTOP-NVA191LJ" failures="0" tests="4" name="SeleniumAutomation.tests.AddToCartTest" time="14.361" errors="0" timestamp="02 Mar 2024 09:18:30 GMT" skipped="3">
  <testcase classname="SeleniumAutomation.tests.AddToCartTest" name="navigationTest" time="14.361"/>
  <testcase classname="SeleniumAutomation.tests.AddToCartTest" name="placeOrder">
    <skipped/>
  </testcase> <!-- placeOrder -->
  <testcase classname="SeleniumAutomation.tests.AddToCartTest" name="goToOrders">
    <skipped/>
  </testcase> <!-- goToOrders -->
  <testcase classname="SeleniumAutomation.tests.AddToCartTest" name="addToCart">
    <skipped/>
  </testcase> <!-- addToCart -->
</testsuite> <!-- SeleniumAutomation.tests.AddToCartTest -->
