<?xml version="1.0" encoding="UTF-8"?>
<!-- Generated by org.testng.reporters.JUnitReportReporter -->
<testsuite hostname="LAPTOP-NVA191LJ" failures="0" tests="2" name="SeleniumAutomation.tests.CustomersTest" time="119.876" errors="0" timestamp="20 Mar 2024 17:15:37 GMT" skipped="0">
  <testcase classname="SeleniumAutomation.tests.CustomersTest" name="emailValidationWhileAddingCustomer" time="91.445"/>
  <testcase classname="SeleniumAutomation.tests.CustomersTest" name="addCustomer" time="28.431"/>
</testsuite> <!-- SeleniumAutomation.tests.CustomersTest -->
